<?xml version="1.0" encoding="UTF-8"?>
<!-- Generated by org.testng.reporters.JUnitXMLReporter -->
<testsuite hostname="DESKTOP-EGM7SA9" ignored="0" name="Test" tests="4" failures="0" timestamp="2022-02-15T08:02:04 IST" time="49.344" errors="0">
  <testcase name="tc3" time="11.335" classname="testscripts.Testcase3"/>
  <testcase name="tc2" time="5.679" classname="testscripts.Testcase2"/>
  <testcase name="tc1" time="3.869" classname="testscripts.Testcase1"/>
  <testcase name="tc4" time="14.342" classname="testscripts.Testcase4"/>
</testsuite> <!-- Test -->
