<?xml version="1.0" encoding="UTF-8"?>
<testng-results skipped="0" failed="0" ignored="0" total="4" passed="4">
  <reporter-output>
  </reporter-output>
  <suite name="Suite" duration-ms="49344" started-at="2022-02-15T08:01:15 IST" finished-at="2022-02-15T08:02:04 IST">
    <groups>
    </groups>
    <test name="Test" duration-ms="49344" started-at="2022-02-15T08:01:15 IST" finished-at="2022-02-15T08:02:04 IST">
      <class name="testscripts.Testcase2">
        <test-method status="PASS" signature="openApp()[pri:0, instance:testscripts.Testcase2@1060b431]" name="openApp" is-config="true" duration-ms="2263" started-at="2022-02-15T08:01:32 IST" finished-at="2022-02-15T08:01:34 IST">
          <reporter-output>
          </reporter-output>
        </test-method> <!-- openApp -->
        <test-method status="PASS" signature="tc2()[pri:0, instance:testscripts.Testcase2@1060b431]" name="tc2" duration-ms="5679" started-at="2022-02-15T08:01:34 IST" finished-at="2022-02-15T08:01:40 IST">
          <reporter-output>
          </reporter-output>
        </test-method> <!-- tc2 -->
        <test-method status="PASS" signature="closeApp(org.testng.ITestResult)[pri:0, instance:testscripts.Testcase2@1060b431]" name="closeApp" is-config="true" duration-ms="704" started-at="2022-02-15T08:01:40 IST" finished-at="2022-02-15T08:01:40 IST">
          <params>
            <param index="0">
              <value>
                <![CDATA[[TestResult name=tc2 status=SUCCESS method=Testcase2.tc2()[pri:0, instance:testscripts.Testcase2@1060b431] output={null}]]]>
              </value>
            </param>
          </params>
          <reporter-output>
          </reporter-output>
        </test-method> <!-- closeApp -->
      </class> <!-- testscripts.Testcase2 -->
      <class name="testscripts.Testcase3">
        <test-method status="PASS" signature="openApp()[pri:0, instance:testscripts.Testcase3@6b57696f]" name="openApp" is-config="true" duration-ms="4542" started-at="2022-02-15T08:01:15 IST" finished-at="2022-02-15T08:01:20 IST">
          <reporter-output>
          </reporter-output>
        </test-method> <!-- openApp -->
        <test-method status="PASS" signature="tc3()[pri:0, instance:testscripts.Testcase3@6b57696f]" name="tc3" duration-ms="11335" started-at="2022-02-15T08:01:20 IST" finished-at="2022-02-15T08:01:31 IST">
          <reporter-output>
          </reporter-output>
        </test-method> <!-- tc3 -->
        <test-method status="PASS" signature="closeApp(org.testng.ITestResult)[pri:0, instance:testscripts.Testcase3@6b57696f]" name="closeApp" is-config="true" duration-ms="812" started-at="2022-02-15T08:01:31 IST" finished-at="2022-02-15T08:01:32 IST">
          <params>
            <param index="0">
              <value>
                <![CDATA[[TestResult name=tc3 status=SUCCESS method=Testcase3.tc3()[pri:0, instance:testscripts.Testcase3@6b57696f] output={null}]]]>
              </value>
            </param>
          </params>
          <reporter-output>
          </reporter-output>
        </test-method> <!-- closeApp -->
      </class> <!-- testscripts.Testcase3 -->
      <class name="testscripts.Testcase4">
        <test-method status="PASS" signature="openApp()[pri:0, instance:testscripts.Testcase4@11758f2a]" name="openApp" is-config="true" duration-ms="2120" started-at="2022-02-15T08:01:47 IST" finished-at="2022-02-15T08:01:49 IST">
          <reporter-output>
          </reporter-output>
        </test-method> <!-- openApp -->
        <test-method status="PASS" signature="tc4()[pri:0, instance:testscripts.Testcase4@11758f2a]" name="tc4" duration-ms="14342" started-at="2022-02-15T08:01:49 IST" finished-at="2022-02-15T08:02:03 IST">
          <reporter-output>
          </reporter-output>
        </test-method> <!-- tc4 -->
        <test-method status="PASS" signature="closeApp(org.testng.ITestResult)[pri:0, instance:testscripts.Testcase4@11758f2a]" name="closeApp" is-config="true" duration-ms="847" started-at="2022-02-15T08:02:03 IST" finished-at="2022-02-15T08:02:04 IST">
          <params>
            <param index="0">
              <value>
                <![CDATA[[TestResult name=tc4 status=SUCCESS method=Testcase4.tc4()[pri:0, instance:testscripts.Testcase4@11758f2a] output={null}]]]>
              </value>
            </param>
          </params>
          <reporter-output>
          </reporter-output>
        </test-method> <!-- closeApp -->
      </class> <!-- testscripts.Testcase4 -->
      <class name="testscripts.Testcase1">
        <test-method status="PASS" signature="openApp()[pri:0, instance:testscripts.Testcase1@612679d6]" name="openApp" is-config="true" duration-ms="2049" started-at="2022-02-15T08:01:40 IST" finished-at="2022-02-15T08:01:42 IST">
          <reporter-output>
          </reporter-output>
        </test-method> <!-- openApp -->
        <test-method status="PASS" signature="tc1()[pri:0, instance:testscripts.Testcase1@612679d6]" name="tc1" duration-ms="3869" started-at="2022-02-15T08:01:42 IST" finished-at="2022-02-15T08:01:46 IST">
          <reporter-output>
          </reporter-output>
        </test-method> <!-- tc1 -->
        <test-method status="PASS" signature="closeApp(org.testng.ITestResult)[pri:0, instance:testscripts.Testcase1@612679d6]" name="closeApp" is-config="true" duration-ms="702" started-at="2022-02-15T08:01:46 IST" finished-at="2022-02-15T08:01:47 IST">
          <params>
            <param index="0">
              <value>
                <![CDATA[[TestResult name=tc1 status=SUCCESS method=Testcase1.tc1()[pri:0, instance:testscripts.Testcase1@612679d6] output={null}]]]>
              </value>
            </param>
          </params>
          <reporter-output>
          </reporter-output>
        </test-method> <!-- closeApp -->
      </class> <!-- testscripts.Testcase1 -->
    </test> <!-- Test -->
  </suite> <!-- Suite -->
</testng-results>
